{"C:\\Users\\aksha\\OneDrive\\Desktop\\Seneca\\Assignments\\Sem6\\CCP\\fragments\\src\\app.js": {"path":"C:\\Users\\aksha\\OneDrive\\Desktop\\Seneca\\Assignments\\Sem6\\CCP\\fragments\\src\\app.js","statementMap":{"0":{"start":{"line":2,"column":16},"end":{"line":2,"column":34}},"1":{"start":{"line":3,"column":13},"end":{"line":3,"column":28}},"2":{"start":{"line":4,"column":15},"end":{"line":4,"column":32}},"3":{"start":{"line":5,"column":20},"end":{"line":5,"column":42}},"4":{"start":{"line":6,"column":17},"end":{"line":6,"column":36}},"5":{"start":{"line":8,"column":15},"end":{"line":8,"column":34}},"6":{"start":{"line":9,"column":13},"end":{"line":9,"column":30}},"7":{"start":{"line":11,"column":12},"end":{"line":11,"column":21}},"8":{"start":{"line":13,"column":0},"end":{"line":13,"column":18}},"9":{"start":{"line":14,"column":0},"end":{"line":14,"column":23}},"10":{"start":{"line":15,"column":0},"end":{"line":15,"column":51}},"11":{"start":{"line":17,"column":0},"end":{"line":17,"column":30}},"12":{"start":{"line":18,"column":0},"end":{"line":18,"column":31}},"13":{"start":{"line":21,"column":0},"end":{"line":21,"column":21}},"14":{"start":{"line":24,"column":0},"end":{"line":24,"column":61}},"15":{"start":{"line":26,"column":32},"end":{"line":26,"column":53}},"16":{"start":{"line":27,"column":0},"end":{"line":29,"column":3}},"17":{"start":{"line":28,"column":2},"end":{"line":28,"column":62}},"18":{"start":{"line":31,"column":0},"end":{"line":37,"column":3}},"19":{"start":{"line":32,"column":2},"end":{"line":36,"column":6}},"20":{"start":{"line":39,"column":0},"end":{"line":39,"column":21}}},"fnMap":{"0":{"name":"(anonymous_0)","decl":{"start":{"line":27,"column":8},"end":{"line":27,"column":9}},"loc":{"start":{"line":27,"column":22},"end":{"line":29,"column":1}},"line":27},"1":{"name":"(anonymous_1)","decl":{"start":{"line":31,"column":8},"end":{"line":31,"column":9}},"loc":{"start":{"line":31,"column":33},"end":{"line":37,"column":1}},"line":31}},"branchMap":{"0":{"loc":{"start":{"line":33,"column":12},"end":{"line":33,"column":29}},"type":"binary-expr","locations":[{"start":{"line":33,"column":12},"end":{"line":33,"column":22}},{"start":{"line":33,"column":26},"end":{"line":33,"column":29}}],"line":33},"1":{"loc":{"start":{"line":35,"column":26},"end":{"line":35,"column":43}},"type":"binary-expr","locations":[{"start":{"line":35,"column":26},"end":{"line":35,"column":36}},{"start":{"line":35,"column":40},"end":{"line":35,"column":43}}],"line":35},"2":{"loc":{"start":{"line":35,"column":45},"end":{"line":35,"column":74}},"type":"binary-expr","locations":[{"start":{"line":35,"column":45},"end":{"line":35,"column":56}},{"start":{"line":35,"column":60},"end":{"line":35,"column":74}}],"line":35}},"s":{"0":4,"1":4,"2":4,"3":4,"4":4,"5":4,"6":4,"7":4,"8":4,"9":4,"10":4,"11":4,"12":4,"13":4,"14":4,"15":4,"16":4,"17":1,"18":4,"19":0,"20":4},"f":{"0":1,"1":0},"b":{"0":[0,0],"1":[0,0],"2":[0,0]},"_coverageSchema":"1a1c01bbd47fc00a2c39e90264f33305004495a9","hash":"2cce1b764005289a126fff56d375541efc109535"}
,"C:\\Users\\aksha\\OneDrive\\Desktop\\Seneca\\Assignments\\Sem6\\CCP\\fragments\\src\\hash.js": {"path":"C:\\Users\\aksha\\OneDrive\\Desktop\\Seneca\\Assignments\\Sem6\\CCP\\fragments\\src\\hash.js","statementMap":{"0":{"start":{"line":16,"column":15},"end":{"line":16,"column":32}},"1":{"start":{"line":22,"column":0},"end":{"line":23,"column":58}},"2":{"start":{"line":23,"column":2},"end":{"line":23,"column":57}}},"fnMap":{"0":{"name":"(anonymous_0)","decl":{"start":{"line":22,"column":17},"end":{"line":22,"column":18}},"loc":{"start":{"line":23,"column":2},"end":{"line":23,"column":57}},"line":23}},"branchMap":{},"s":{"0":5,"1":5,"2":6},"f":{"0":6},"b":{},"_coverageSchema":"1a1c01bbd47fc00a2c39e90264f33305004495a9","hash":"4b13408b6ef70c821b08ce3853f854a1a3241045"}
,"C:\\Users\\aksha\\OneDrive\\Desktop\\Seneca\\Assignments\\Sem6\\CCP\\fragments\\src\\index.js": {"path":"C:\\Users\\aksha\\OneDrive\\Desktop\\Seneca\\Assignments\\Sem6\\CCP\\fragments\\src\\index.js","statementMap":{"0":{"start":{"line":2,"column":0},"end":{"line":2,"column":27}},"1":{"start":{"line":3,"column":13},"end":{"line":3,"column":28}},"2":{"start":{"line":4,"column":18},"end":{"line":4,"column":38}},"3":{"start":{"line":5,"column":12},"end":{"line":5,"column":28}},"4":{"start":{"line":7,"column":13},"end":{"line":7,"column":37}},"5":{"start":{"line":10,"column":0},"end":{"line":18,"column":1}},"6":{"start":{"line":11,"column":17},"end":{"line":11,"column":53}},"7":{"start":{"line":12,"column":2},"end":{"line":14,"column":5}},"8":{"start":{"line":13,"column":4},"end":{"line":13,"column":71}},"9":{"start":{"line":16,"column":2},"end":{"line":16,"column":45}},"10":{"start":{"line":16,"column":30},"end":{"line":16,"column":43}},"11":{"start":{"line":17,"column":2},"end":{"line":17,"column":44}},"12":{"start":{"line":17,"column":29},"end":{"line":17,"column":42}},"13":{"start":{"line":21,"column":0},"end":{"line":21,"column":21}}},"fnMap":{"0":{"name":"(anonymous_0)","decl":{"start":{"line":12,"column":22},"end":{"line":12,"column":23}},"loc":{"start":{"line":12,"column":28},"end":{"line":14,"column":3}},"line":12},"1":{"name":"(anonymous_1)","decl":{"start":{"line":16,"column":24},"end":{"line":16,"column":25}},"loc":{"start":{"line":16,"column":30},"end":{"line":16,"column":43}},"line":16},"2":{"name":"(anonymous_2)","decl":{"start":{"line":17,"column":23},"end":{"line":17,"column":24}},"loc":{"start":{"line":17,"column":29},"end":{"line":17,"column":42}},"line":17}},"branchMap":{"0":{"loc":{"start":{"line":7,"column":13},"end":{"line":7,"column":37}},"type":"binary-expr","locations":[{"start":{"line":7,"column":13},"end":{"line":7,"column":29}},{"start":{"line":7,"column":33},"end":{"line":7,"column":37}}],"line":7},"1":{"loc":{"start":{"line":10,"column":0},"end":{"line":18,"column":1}},"type":"if","locations":[{"start":{"line":10,"column":0},"end":{"line":18,"column":1}},{"start":{},"end":{}}],"line":10},"2":{"loc":{"start":{"line":10,"column":4},"end":{"line":10,"column":62}},"type":"binary-expr","locations":[{"start":{"line":10,"column":4},"end":{"line":10,"column":27}},{"start":{"line":10,"column":31},"end":{"line":10,"column":62}}],"line":10}},"s":{"0":1,"1":1,"2":1,"3":1,"4":1,"5":1,"6":0,"7":0,"8":0,"9":0,"10":0,"11":0,"12":0,"13":1},"f":{"0":0,"1":0,"2":0},"b":{"0":[1,0],"1":[0,1],"2":[1,0]},"_coverageSchema":"1a1c01bbd47fc00a2c39e90264f33305004495a9","hash":"11888ab5be8d37a8d5a76f0ef31bc8fafd8366db"}
,"C:\\Users\\aksha\\OneDrive\\Desktop\\Seneca\\Assignments\\Sem6\\CCP\\fragments\\src\\logger.js": {"path":"C:\\Users\\aksha\\OneDrive\\Desktop\\Seneca\\Assignments\\Sem6\\CCP\\fragments\\src\\logger.js","statementMap":{"0":{"start":{"line":4,"column":16},"end":{"line":4,"column":58}},"1":{"start":{"line":7,"column":0},"end":{"line":15,"column":1}},"2":{"start":{"line":9,"column":2},"end":{"line":14,"column":4}},"3":{"start":{"line":19,"column":0},"end":{"line":19,"column":42}}},"fnMap":{},"branchMap":{"0":{"loc":{"start":{"line":4,"column":25},"end":{"line":4,"column":56}},"type":"binary-expr","locations":[{"start":{"line":4,"column":25},"end":{"line":4,"column":46}},{"start":{"line":4,"column":50},"end":{"line":4,"column":56}}],"line":4},"1":{"loc":{"start":{"line":7,"column":0},"end":{"line":15,"column":1}},"type":"if","locations":[{"start":{"line":7,"column":0},"end":{"line":15,"column":1}},{"start":{},"end":{}}],"line":7}},"s":{"0":4,"1":4,"2":0,"3":4},"f":{},"b":{"0":[4,0],"1":[0,4]},"_coverageSchema":"1a1c01bbd47fc00a2c39e90264f33305004495a9","hash":"63f45ee8f3ed4509c44a8d8bb2c3bd1935314c97"}
,"C:\\Users\\aksha\\OneDrive\\Desktop\\Seneca\\Assignments\\Sem6\\CCP\\fragments\\src\\response.js": {"path":"C:\\Users\\aksha\\OneDrive\\Desktop\\Seneca\\Assignments\\Sem6\\CCP\\fragments\\src\\response.js","statementMap":{"0":{"start":{"line":11,"column":0},"end":{"line":17,"column":2}},"1":{"start":{"line":12,"column":2},"end":{"line":16,"column":4}},"2":{"start":{"line":30,"column":0},"end":{"line":38,"column":2}},"3":{"start":{"line":31,"column":2},"end":{"line":37,"column":4}},"4":{"start":{"line":40,"column":0},"end":{"line":47,"column":2}},"5":{"start":{"line":41,"column":2},"end":{"line":46,"column":4}}},"fnMap":{"0":{"name":"(anonymous_0)","decl":{"start":{"line":11,"column":39},"end":{"line":11,"column":40}},"loc":{"start":{"line":11,"column":55},"end":{"line":17,"column":1}},"line":11},"1":{"name":"(anonymous_1)","decl":{"start":{"line":30,"column":37},"end":{"line":30,"column":38}},"loc":{"start":{"line":30,"column":62},"end":{"line":38,"column":1}},"line":30},"2":{"name":"(anonymous_2)","decl":{"start":{"line":40,"column":39},"end":{"line":40,"column":40}},"loc":{"start":{"line":40,"column":55},"end":{"line":47,"column":1}},"line":40}},"branchMap":{"0":{"loc":{"start":{"line":15,"column":8},"end":{"line":15,"column":18}},"type":"binary-expr","locations":[{"start":{"line":15,"column":8},"end":{"line":15,"column":12}},{"start":{"line":15,"column":16},"end":{"line":15,"column":18}}],"line":15}},"s":{"0":5,"1":0,"2":5,"3":5,"4":5,"5":8},"f":{"0":0,"1":5,"2":8},"b":{"0":[0,0]},"_coverageSchema":"1a1c01bbd47fc00a2c39e90264f33305004495a9","hash":"fd5c74ff3fe258447ddd031f71e4df39f2b6f179"}
,"C:\\Users\\aksha\\OneDrive\\Desktop\\Seneca\\Assignments\\Sem6\\CCP\\fragments\\src\\auth\\auth-middleware.js": {"path":"C:\\Users\\aksha\\OneDrive\\Desktop\\Seneca\\Assignments\\Sem6\\CCP\\fragments\\src\\auth\\auth-middleware.js","statementMap":{"0":{"start":{"line":1,"column":17},"end":{"line":1,"column":36}},"1":{"start":{"line":3,"column":32},"end":{"line":3,"column":54}},"2":{"start":{"line":4,"column":13},"end":{"line":4,"column":31}},"3":{"start":{"line":5,"column":15},"end":{"line":5,"column":35}},"4":{"start":{"line":11,"column":0},"end":{"line":47,"column":2}},"5":{"start":{"line":12,"column":2},"end":{"line":46,"column":4}},"6":{"start":{"line":21,"column":6},"end":{"line":24,"column":7}},"7":{"start":{"line":22,"column":8},"end":{"line":22,"column":58}},"8":{"start":{"line":23,"column":8},"end":{"line":23,"column":77}},"9":{"start":{"line":27,"column":6},"end":{"line":29,"column":7}},"10":{"start":{"line":28,"column":8},"end":{"line":28,"column":78}},"11":{"start":{"line":32,"column":6},"end":{"line":32,"column":29}},"12":{"start":{"line":33,"column":6},"end":{"line":33,"column":68}},"13":{"start":{"line":36,"column":6},"end":{"line":36,"column":13}},"14":{"start":{"line":41,"column":4},"end":{"line":45,"column":6}}},"fnMap":{"0":{"name":"(anonymous_0)","decl":{"start":{"line":11,"column":17},"end":{"line":11,"column":18}},"loc":{"start":{"line":11,"column":35},"end":{"line":47,"column":1}},"line":11},"1":{"name":"(anonymous_1)","decl":{"start":{"line":12,"column":9},"end":{"line":12,"column":10}},"loc":{"start":{"line":12,"column":35},"end":{"line":46,"column":3}},"line":12},"2":{"name":"callback","decl":{"start":{"line":19,"column":13},"end":{"line":19,"column":21}},"loc":{"start":{"line":19,"column":34},"end":{"line":37,"column":5}},"line":19}},"branchMap":{"0":{"loc":{"start":{"line":21,"column":6},"end":{"line":24,"column":7}},"type":"if","locations":[{"start":{"line":21,"column":6},"end":{"line":24,"column":7}},{"start":{},"end":{}}],"line":21},"1":{"loc":{"start":{"line":27,"column":6},"end":{"line":29,"column":7}},"type":"if","locations":[{"start":{"line":27,"column":6},"end":{"line":29,"column":7}},{"start":{},"end":{}}],"line":27}},"s":{"0":4,"1":4,"2":4,"3":4,"4":4,"5":4,"6":5,"7":0,"8":0,"9":5,"10":2,"11":3,"12":3,"13":3,"14":5},"f":{"0":4,"1":5,"2":5},"b":{"0":[0,5],"1":[2,3]},"_coverageSchema":"1a1c01bbd47fc00a2c39e90264f33305004495a9","hash":"2b8f3f2002bce3ad256ed5ba1f99faed702cdd30"}
,"C:\\Users\\aksha\\OneDrive\\Desktop\\Seneca\\Assignments\\Sem6\\CCP\\fragments\\src\\auth\\basic-auth.js": {"path":"C:\\Users\\aksha\\OneDrive\\Desktop\\Seneca\\Assignments\\Sem6\\CCP\\fragments\\src\\auth\\basic-auth.js","statementMap":{"0":{"start":{"line":2,"column":11},"end":{"line":2,"column":24}},"1":{"start":{"line":3,"column":13},"end":{"line":3,"column":28}},"2":{"start":{"line":4,"column":26},"end":{"line":4,"column":50}},"3":{"start":{"line":5,"column":15},"end":{"line":5,"column":34}},"4":{"start":{"line":6,"column":18},"end":{"line":6,"column":46}},"5":{"start":{"line":10,"column":15},"end":{"line":10,"column":48}},"6":{"start":{"line":11,"column":14},"end":{"line":11,"column":23}},"7":{"start":{"line":12,"column":2},"end":{"line":20,"column":3}},"8":{"start":{"line":13,"column":17},"end":{"line":13,"column":27}},"9":{"start":{"line":14,"column":4},"end":{"line":14,"column":48}},"10":{"start":{"line":14,"column":39},"end":{"line":14,"column":48}},"11":{"start":{"line":15,"column":14},"end":{"line":15,"column":31}},"12":{"start":{"line":16,"column":4},"end":{"line":16,"column":25}},"13":{"start":{"line":16,"column":16},"end":{"line":16,"column":25}},"14":{"start":{"line":17,"column":17},"end":{"line":17,"column":33}},"15":{"start":{"line":18,"column":17},"end":{"line":18,"column":34}},"16":{"start":{"line":19,"column":4},"end":{"line":19,"column":24}},"17":{"start":{"line":21,"column":2},"end":{"line":21,"column":13}},"18":{"start":{"line":26,"column":2},"end":{"line":26,"column":32}},"19":{"start":{"line":26,"column":19},"end":{"line":26,"column":32}},"20":{"start":{"line":28,"column":2},"end":{"line":34,"column":3}},"21":{"start":{"line":29,"column":4},"end":{"line":33,"column":5}},"22":{"start":{"line":30,"column":6},"end":{"line":30,"column":54}},"23":{"start":{"line":32,"column":6},"end":{"line":32,"column":19}},"24":{"start":{"line":36,"column":2},"end":{"line":44,"column":3}},"25":{"start":{"line":37,"column":19},"end":{"line":37,"column":36}},"26":{"start":{"line":38,"column":19},"end":{"line":38,"column":38}},"27":{"start":{"line":39,"column":16},"end":{"line":42,"column":23}},"28":{"start":{"line":43,"column":4},"end":{"line":43,"column":26}},"29":{"start":{"line":46,"column":2},"end":{"line":46,"column":15}},"30":{"start":{"line":49,"column":18},"end":{"line":49,"column":22}},"31":{"start":{"line":51,"column":2},"end":{"line":51,"column":38}},"32":{"start":{"line":51,"column":19},"end":{"line":51,"column":38}},"33":{"start":{"line":53,"column":19},"end":{"line":53,"column":44}},"34":{"start":{"line":54,"column":2},"end":{"line":54,"column":76}},"35":{"start":{"line":54,"column":17},"end":{"line":54,"column":76}},"36":{"start":{"line":56,"column":15},"end":{"line":56,"column":37}},"37":{"start":{"line":57,"column":2},"end":{"line":58,"column":59}},"38":{"start":{"line":58,"column":4},"end":{"line":58,"column":59}},"39":{"start":{"line":60,"column":2},"end":{"line":60,"column":35}},"40":{"start":{"line":61,"column":2},"end":{"line":61,"column":21}},"41":{"start":{"line":64,"column":0},"end":{"line":75,"column":5}},"42":{"start":{"line":65,"column":2},"end":{"line":75,"column":4}},"43":{"start":{"line":66,"column":4},"end":{"line":74,"column":5}},"44":{"start":{"line":67,"column":20},"end":{"line":67,"column":30}},"45":{"start":{"line":68,"column":25},"end":{"line":68,"column":44}},"46":{"start":{"line":69,"column":6},"end":{"line":69,"column":48}},"47":{"start":{"line":69,"column":23},"end":{"line":69,"column":48}},"48":{"start":{"line":70,"column":6},"end":{"line":70,"column":74}},"49":{"start":{"line":70,"column":49},"end":{"line":70,"column":74}},"50":{"start":{"line":71,"column":6},"end":{"line":71,"column":34}},"51":{"start":{"line":73,"column":6},"end":{"line":73,"column":23}},"52":{"start":{"line":78,"column":0},"end":{"line":78,"column":55}},"53":{"start":{"line":78,"column":36},"end":{"line":78,"column":54}}},"fnMap":{"0":{"name":"loadHtpasswd","decl":{"start":{"line":9,"column":9},"end":{"line":9,"column":21}},"loc":{"start":{"line":9,"column":32},"end":{"line":22,"column":1}},"line":9},"1":{"name":"verifyHtpasswd","decl":{"start":{"line":25,"column":9},"end":{"line":25,"column":23}},"loc":{"start":{"line":25,"column":46},"end":{"line":47,"column":1}},"line":25},"2":{"name":"getUsers","decl":{"start":{"line":50,"column":9},"end":{"line":50,"column":17}},"loc":{"start":{"line":50,"column":20},"end":{"line":62,"column":1}},"line":50},"3":{"name":"(anonymous_3)","decl":{"start":{"line":64,"column":26},"end":{"line":64,"column":27}},"loc":{"start":{"line":65,"column":2},"end":{"line":75,"column":4}},"line":65},"4":{"name":"(anonymous_4)","decl":{"start":{"line":65,"column":20},"end":{"line":65,"column":21}},"loc":{"start":{"line":65,"column":50},"end":{"line":75,"column":3}},"line":65},"5":{"name":"(anonymous_5)","decl":{"start":{"line":78,"column":30},"end":{"line":78,"column":31}},"loc":{"start":{"line":78,"column":36},"end":{"line":78,"column":54}},"line":78}},"branchMap":{"0":{"loc":{"start":{"line":14,"column":4},"end":{"line":14,"column":48}},"type":"if","locations":[{"start":{"line":14,"column":4},"end":{"line":14,"column":48}},{"start":{},"end":{}}],"line":14},"1":{"loc":{"start":{"line":14,"column":8},"end":{"line":14,"column":37}},"type":"binary-expr","locations":[{"start":{"line":14,"column":8},"end":{"line":14,"column":13}},{"start":{"line":14,"column":17},"end":{"line":14,"column":37}}],"line":14},"2":{"loc":{"start":{"line":16,"column":4},"end":{"line":16,"column":25}},"type":"if","locations":[{"start":{"line":16,"column":4},"end":{"line":16,"column":25}},{"start":{},"end":{}}],"line":16},"3":{"loc":{"start":{"line":26,"column":2},"end":{"line":26,"column":32}},"type":"if","locations":[{"start":{"line":26,"column":2},"end":{"line":26,"column":32}},{"start":{},"end":{}}],"line":26},"4":{"loc":{"start":{"line":28,"column":2},"end":{"line":34,"column":3}},"type":"if","locations":[{"start":{"line":28,"column":2},"end":{"line":34,"column":3}},{"start":{},"end":{}}],"line":28},"5":{"loc":{"start":{"line":36,"column":2},"end":{"line":44,"column":3}},"type":"if","locations":[{"start":{"line":36,"column":2},"end":{"line":44,"column":3}},{"start":{},"end":{}}],"line":36},"6":{"loc":{"start":{"line":51,"column":2},"end":{"line":51,"column":38}},"type":"if","locations":[{"start":{"line":51,"column":2},"end":{"line":51,"column":38}},{"start":{},"end":{}}],"line":51},"7":{"loc":{"start":{"line":54,"column":2},"end":{"line":54,"column":76}},"type":"if","locations":[{"start":{"line":54,"column":2},"end":{"line":54,"column":76}},{"start":{},"end":{}}],"line":54},"8":{"loc":{"start":{"line":57,"column":2},"end":{"line":58,"column":59}},"type":"if","locations":[{"start":{"line":57,"column":2},"end":{"line":58,"column":59}},{"start":{},"end":{}}],"line":57},"9":{"loc":{"start":{"line":69,"column":6},"end":{"line":69,"column":48}},"type":"if","locations":[{"start":{"line":69,"column":6},"end":{"line":69,"column":48}},{"start":{},"end":{}}],"line":69},"10":{"loc":{"start":{"line":70,"column":6},"end":{"line":70,"column":74}},"type":"if","locations":[{"start":{"line":70,"column":6},"end":{"line":70,"column":74}},{"start":{},"end":{}}],"line":70}},"s":{"0":4,"1":4,"2":4,"3":4,"4":4,"5":2,"6":2,"7":2,"8":6,"9":6,"10":2,"11":4,"12":4,"13":0,"14":4,"15":4,"16":4,"17":2,"18":3,"19":0,"20":3,"21":3,"22":3,"23":0,"24":0,"25":0,"26":0,"27":0,"28":0,"29":0,"30":4,"31":4,"32":2,"33":2,"34":2,"35":0,"36":2,"37":2,"38":0,"39":2,"40":2,"41":4,"42":4,"43":4,"44":4,"45":4,"46":4,"47":1,"48":3,"49":0,"50":3,"51":0,"52":4,"53":4},"f":{"0":2,"1":3,"2":4,"3":4,"4":4,"5":4},"b":{"0":[2,4],"1":[6,4],"2":[0,4],"3":[0,3],"4":[3,0],"5":[0,0],"6":[2,2],"7":[0,2],"8":[0,2],"9":[1,3],"10":[0,3]},"_coverageSchema":"1a1c01bbd47fc00a2c39e90264f33305004495a9","hash":"84e45ae278f9857832f5c91b88bdf1458a9f4b49"}
,"C:\\Users\\aksha\\OneDrive\\Desktop\\Seneca\\Assignments\\Sem6\\CCP\\fragments\\src\\auth\\index.js": {"path":"C:\\Users\\aksha\\OneDrive\\Desktop\\Seneca\\Assignments\\Sem6\\CCP\\fragments\\src\\auth\\index.js","statementMap":{"0":{"start":{"line":4,"column":17},"end":{"line":4,"column":69}},"1":{"start":{"line":6,"column":0},"end":{"line":11,"column":1}},"2":{"start":{"line":8,"column":2},"end":{"line":8,"column":40}},"3":{"start":{"line":10,"column":2},"end":{"line":10,"column":43}}},"fnMap":{},"branchMap":{"0":{"loc":{"start":{"line":4,"column":18},"end":{"line":4,"column":54}},"type":"binary-expr","locations":[{"start":{"line":4,"column":18},"end":{"line":4,"column":43}},{"start":{"line":4,"column":47},"end":{"line":4,"column":54}}],"line":4},"1":{"loc":{"start":{"line":6,"column":0},"end":{"line":11,"column":1}},"type":"if","locations":[{"start":{"line":6,"column":0},"end":{"line":11,"column":1}},{"start":{"line":9,"column":7},"end":{"line":11,"column":1}}],"line":6}},"s":{"0":4,"1":4,"2":0,"3":4},"f":{},"b":{"0":[4,0],"1":[0,4]},"_coverageSchema":"1a1c01bbd47fc00a2c39e90264f33305004495a9","hash":"d7336daf91b46064a8128039eaf087f8b34ee830"}
,"C:\\Users\\aksha\\OneDrive\\Desktop\\Seneca\\Assignments\\Sem6\\CCP\\fragments\\src\\model\\fragment.js": {"path":"C:\\Users\\aksha\\OneDrive\\Desktop\\Seneca\\Assignments\\Sem6\\CCP\\fragments\\src\\model\\fragment.js","statementMap":{"0":{"start":{"line":3,"column":23},"end":{"line":3,"column":40}},"1":{"start":{"line":5,"column":20},"end":{"line":5,"column":43}},"2":{"start":{"line":15,"column":4},"end":{"line":15,"column":21}},"3":{"start":{"line":20,"column":4},"end":{"line":20,"column":57}},"4":{"start":{"line":20,"column":18},"end":{"line":20,"column":57}},"5":{"start":{"line":21,"column":4},"end":{"line":21,"column":51}},"6":{"start":{"line":21,"column":15},"end":{"line":21,"column":51}},"7":{"start":{"line":24,"column":4},"end":{"line":24,"column":75}},"8":{"start":{"line":24,"column":34},"end":{"line":24,"column":75}},"9":{"start":{"line":25,"column":4},"end":{"line":25,"column":55}},"10":{"start":{"line":25,"column":18},"end":{"line":25,"column":55}},"11":{"start":{"line":28,"column":4},"end":{"line":28,"column":77}},"12":{"start":{"line":28,"column":41},"end":{"line":28,"column":77}},"13":{"start":{"line":30,"column":4},"end":{"line":30,"column":33}},"14":{"start":{"line":31,"column":4},"end":{"line":31,"column":27}},"15":{"start":{"line":32,"column":4},"end":{"line":32,"column":21}},"16":{"start":{"line":33,"column":4},"end":{"line":33,"column":26}},"17":{"start":{"line":34,"column":4},"end":{"line":34,"column":55}},"18":{"start":{"line":35,"column":4},"end":{"line":35,"column":43}},"19":{"start":{"line":45,"column":22},"end":{"line":45,"column":58}},"20":{"start":{"line":49,"column":4},"end":{"line":56,"column":5}},"21":{"start":{"line":51,"column":6},"end":{"line":55,"column":9}},"22":{"start":{"line":53,"column":10},"end":{"line":53,"column":78}},"23":{"start":{"line":54,"column":8},"end":{"line":54,"column":33}},"24":{"start":{"line":59,"column":4},"end":{"line":59,"column":27}},"25":{"start":{"line":69,"column":21},"end":{"line":69,"column":52}},"26":{"start":{"line":70,"column":4},"end":{"line":70,"column":48}},"27":{"start":{"line":70,"column":19},"end":{"line":70,"column":48}},"28":{"start":{"line":72,"column":16},"end":{"line":72,"column":78}},"29":{"start":{"line":73,"column":4},"end":{"line":73,"column":29}},"30":{"start":{"line":83,"column":4},"end":{"line":83,"column":39}},"31":{"start":{"line":92,"column":4},"end":{"line":92,"column":44}},"32":{"start":{"line":94,"column":4},"end":{"line":94,"column":31}},"33":{"start":{"line":102,"column":4},"end":{"line":102,"column":51}},"34":{"start":{"line":112,"column":4},"end":{"line":113,"column":47}},"35":{"start":{"line":113,"column":6},"end":{"line":113,"column":47}},"36":{"start":{"line":116,"column":4},"end":{"line":116,"column":57}},"37":{"start":{"line":119,"column":4},"end":{"line":119,"column":28}},"38":{"start":{"line":120,"column":4},"end":{"line":120,"column":44}},"39":{"start":{"line":123,"column":4},"end":{"line":123,"column":30}},"40":{"start":{"line":132,"column":21},"end":{"line":132,"column":49}},"41":{"start":{"line":133,"column":4},"end":{"line":133,"column":16}},"42":{"start":{"line":141,"column":4},"end":{"line":141,"column":62}},"43":{"start":{"line":150,"column":4},"end":{"line":150,"column":27}},"44":{"start":{"line":159,"column":4},"end":{"line":159,"column":58}},"45":{"start":{"line":159,"column":45},"end":{"line":159,"column":58}},"46":{"start":{"line":160,"column":4},"end":{"line":166,"column":5}},"47":{"start":{"line":161,"column":23},"end":{"line":161,"column":47}},"48":{"start":{"line":163,"column":6},"end":{"line":163,"column":38}},"49":{"start":{"line":165,"column":6},"end":{"line":165,"column":19}},"50":{"start":{"line":170,"column":0},"end":{"line":170,"column":35}}},"fnMap":{"0":{"name":"(anonymous_0)","decl":{"start":{"line":18,"column":2},"end":{"line":18,"column":3}},"loc":{"start":{"line":18,"column":65},"end":{"line":36,"column":3}},"line":18},"1":{"name":"(anonymous_1)","decl":{"start":{"line":44,"column":2},"end":{"line":44,"column":3}},"loc":{"start":{"line":44,"column":47},"end":{"line":60,"column":3}},"line":44},"2":{"name":"(anonymous_2)","decl":{"start":{"line":51,"column":27},"end":{"line":51,"column":28}},"loc":{"start":{"line":51,"column":43},"end":{"line":55,"column":7}},"line":51},"3":{"name":"(anonymous_3)","decl":{"start":{"line":68,"column":2},"end":{"line":68,"column":3}},"loc":{"start":{"line":68,"column":33},"end":{"line":74,"column":3}},"line":68},"4":{"name":"(anonymous_4)","decl":{"start":{"line":82,"column":2},"end":{"line":82,"column":3}},"loc":{"start":{"line":82,"column":29},"end":{"line":84,"column":3}},"line":82},"5":{"name":"(anonymous_5)","decl":{"start":{"line":90,"column":2},"end":{"line":90,"column":3}},"loc":{"start":{"line":90,"column":9},"end":{"line":95,"column":3}},"line":90},"6":{"name":"(anonymous_6)","decl":{"start":{"line":101,"column":2},"end":{"line":101,"column":3}},"loc":{"start":{"line":101,"column":12},"end":{"line":103,"column":3}},"line":101},"7":{"name":"(anonymous_7)","decl":{"start":{"line":110,"column":2},"end":{"line":110,"column":3}},"loc":{"start":{"line":110,"column":22},"end":{"line":124,"column":3}},"line":110},"8":{"name":"(anonymous_8)","decl":{"start":{"line":131,"column":2},"end":{"line":131,"column":3}},"loc":{"start":{"line":131,"column":17},"end":{"line":134,"column":3}},"line":131},"9":{"name":"(anonymous_9)","decl":{"start":{"line":140,"column":2},"end":{"line":140,"column":3}},"loc":{"start":{"line":140,"column":15},"end":{"line":142,"column":3}},"line":140},"10":{"name":"(anonymous_10)","decl":{"start":{"line":148,"column":2},"end":{"line":148,"column":3}},"loc":{"start":{"line":148,"column":16},"end":{"line":151,"column":3}},"line":148},"11":{"name":"(anonymous_11)","decl":{"start":{"line":158,"column":2},"end":{"line":158,"column":3}},"loc":{"start":{"line":158,"column":32},"end":{"line":167,"column":3}},"line":158}},"branchMap":{"0":{"loc":{"start":{"line":18,"column":53},"end":{"line":18,"column":61}},"type":"default-arg","locations":[{"start":{"line":18,"column":60},"end":{"line":18,"column":61}}],"line":18},"1":{"loc":{"start":{"line":20,"column":4},"end":{"line":20,"column":57}},"type":"if","locations":[{"start":{"line":20,"column":4},"end":{"line":20,"column":57}},{"start":{},"end":{}}],"line":20},"2":{"loc":{"start":{"line":21,"column":4},"end":{"line":21,"column":51}},"type":"if","locations":[{"start":{"line":21,"column":4},"end":{"line":21,"column":51}},{"start":{},"end":{}}],"line":21},"3":{"loc":{"start":{"line":24,"column":4},"end":{"line":24,"column":75}},"type":"if","locations":[{"start":{"line":24,"column":4},"end":{"line":24,"column":75}},{"start":{},"end":{}}],"line":24},"4":{"loc":{"start":{"line":25,"column":4},"end":{"line":25,"column":55}},"type":"if","locations":[{"start":{"line":25,"column":4},"end":{"line":25,"column":55}},{"start":{},"end":{}}],"line":25},"5":{"loc":{"start":{"line":28,"column":4},"end":{"line":28,"column":77}},"type":"if","locations":[{"start":{"line":28,"column":4},"end":{"line":28,"column":77}},{"start":{},"end":{}}],"line":28},"6":{"loc":{"start":{"line":30,"column":14},"end":{"line":30,"column":32}},"type":"binary-expr","locations":[{"start":{"line":30,"column":14},"end":{"line":30,"column":16}},{"start":{"line":30,"column":20},"end":{"line":30,"column":32}}],"line":30},"7":{"loc":{"start":{"line":33,"column":16},"end":{"line":33,"column":25}},"type":"binary-expr","locations":[{"start":{"line":33,"column":16},"end":{"line":33,"column":20}},{"start":{"line":33,"column":24},"end":{"line":33,"column":25}}],"line":33},"8":{"loc":{"start":{"line":34,"column":19},"end":{"line":34,"column":54}},"type":"binary-expr","locations":[{"start":{"line":34,"column":19},"end":{"line":34,"column":26}},{"start":{"line":34,"column":30},"end":{"line":34,"column":54}}],"line":34},"9":{"loc":{"start":{"line":35,"column":19},"end":{"line":35,"column":42}},"type":"binary-expr","locations":[{"start":{"line":35,"column":19},"end":{"line":35,"column":26}},{"start":{"line":35,"column":30},"end":{"line":35,"column":42}}],"line":35},"10":{"loc":{"start":{"line":44,"column":31},"end":{"line":44,"column":45}},"type":"default-arg","locations":[{"start":{"line":44,"column":40},"end":{"line":44,"column":45}}],"line":44},"11":{"loc":{"start":{"line":49,"column":4},"end":{"line":56,"column":5}},"type":"if","locations":[{"start":{"line":49,"column":4},"end":{"line":56,"column":5}},{"start":{},"end":{}}],"line":49},"12":{"loc":{"start":{"line":53,"column":10},"end":{"line":53,"column":78}},"type":"cond-expr","locations":[{"start":{"line":53,"column":43},"end":{"line":53,"column":65}},{"start":{"line":53,"column":68},"end":{"line":53,"column":78}}],"line":53},"13":{"loc":{"start":{"line":59,"column":11},"end":{"line":59,"column":26}},"type":"binary-expr","locations":[{"start":{"line":59,"column":11},"end":{"line":59,"column":20}},{"start":{"line":59,"column":24},"end":{"line":59,"column":26}}],"line":59},"14":{"loc":{"start":{"line":70,"column":4},"end":{"line":70,"column":48}},"type":"if","locations":[{"start":{"line":70,"column":4},"end":{"line":70,"column":48}},{"start":{},"end":{}}],"line":70},"15":{"loc":{"start":{"line":72,"column":16},"end":{"line":72,"column":78}},"type":"cond-expr","locations":[{"start":{"line":72,"column":47},"end":{"line":72,"column":67}},{"start":{"line":72,"column":70},"end":{"line":72,"column":78}}],"line":72},"16":{"loc":{"start":{"line":112,"column":4},"end":{"line":113,"column":47}},"type":"if","locations":[{"start":{"line":112,"column":4},"end":{"line":113,"column":47}},{"start":{},"end":{}}],"line":112},"17":{"loc":{"start":{"line":112,"column":8},"end":{"line":112,"column":39}},"type":"binary-expr","locations":[{"start":{"line":112,"column":8},"end":{"line":112,"column":13}},{"start":{"line":112,"column":17},"end":{"line":112,"column":39}}],"line":112},"18":{"loc":{"start":{"line":141,"column":11},"end":{"line":141,"column":61}},"type":"binary-expr","locations":[{"start":{"line":141,"column":11},"end":{"line":141,"column":24}},{"start":{"line":141,"column":28},"end":{"line":141,"column":61}}],"line":141},"19":{"loc":{"start":{"line":159,"column":4},"end":{"line":159,"column":58}},"type":"if","locations":[{"start":{"line":159,"column":4},"end":{"line":159,"column":58}},{"start":{},"end":{}}],"line":159},"20":{"loc":{"start":{"line":159,"column":8},"end":{"line":159,"column":43}},"type":"binary-expr","locations":[{"start":{"line":159,"column":8},"end":{"line":159,"column":14}},{"start":{"line":159,"column":18},"end":{"line":159,"column":43}}],"line":159}},"s":{"0":5,"1":5,"2":5,"3":33,"4":2,"5":31,"6":1,"7":30,"8":1,"9":29,"10":1,"11":28,"12":1,"13":27,"14":27,"15":27,"16":27,"17":27,"18":27,"19":4,"20":4,"21":1,"22":1,"23":1,"24":3,"25":5,"26":5,"27":1,"28":4,"29":4,"30":1,"31":7,"32":7,"33":1,"34":9,"35":1,"36":8,"37":8,"38":8,"39":8,"40":5,"41":5,"42":1,"43":1,"44":38,"45":0,"46":38,"47":38,"48":38,"49":0,"50":5},"f":{"0":33,"1":4,"2":1,"3":5,"4":1,"5":7,"6":1,"7":9,"8":5,"9":1,"10":1,"11":38},"b":{"0":[3],"1":[2,31],"2":[1,30],"3":[1,29],"4":[1,28],"5":[1,27],"6":[27,21],"7":[27,18],"8":[27,22],"9":[27,22],"10":[2],"11":[1,3],"12":[1,0],"13":[3,0],"14":[1,4],"15":[0,4],"16":[1,8],"17":[9,8],"18":[1,1],"19":[0,38],"20":[38,38]},"_coverageSchema":"1a1c01bbd47fc00a2c39e90264f33305004495a9","hash":"4c784e2c8bef83aab062faae723bdba7da5ecfef"}
,"C:\\Users\\aksha\\OneDrive\\Desktop\\Seneca\\Assignments\\Sem6\\CCP\\fragments\\src\\model\\data\\index.js": {"path":"C:\\Users\\aksha\\OneDrive\\Desktop\\Seneca\\Assignments\\Sem6\\CCP\\fragments\\src\\model\\data\\index.js","statementMap":{"0":{"start":{"line":6,"column":0},"end":{"line":8,"column":24}}},"fnMap":{},"branchMap":{"0":{"loc":{"start":{"line":6,"column":17},"end":{"line":8,"column":23}},"type":"cond-expr","locations":[{"start":{"line":7,"column":4},"end":{"line":7,"column":20}},{"start":{"line":8,"column":4},"end":{"line":8,"column":23}}],"line":6}},"s":{"0":5},"f":{},"b":{"0":[0,5]},"_coverageSchema":"1a1c01bbd47fc00a2c39e90264f33305004495a9","hash":"c720a1e76c07c4ff1a2f9d16f7900ba9352760ae"}
,"C:\\Users\\aksha\\OneDrive\\Desktop\\Seneca\\Assignments\\Sem6\\CCP\\fragments\\src\\model\\data\\memory\\index.js": {"path":"C:\\Users\\aksha\\OneDrive\\Desktop\\Seneca\\Assignments\\Sem6\\CCP\\fragments\\src\\model\\data\\memory\\index.js","statementMap":{"0":{"start":{"line":1,"column":17},"end":{"line":1,"column":39}},"1":{"start":{"line":4,"column":13},"end":{"line":4,"column":27}},"2":{"start":{"line":5,"column":17},"end":{"line":5,"column":31}},"3":{"start":{"line":11,"column":21},"end":{"line":11,"column":45}},"4":{"start":{"line":12,"column":2},"end":{"line":12,"column":65}},"5":{"start":{"line":20,"column":21},"end":{"line":20,"column":52}},"6":{"start":{"line":21,"column":2},"end":{"line":21,"column":78}},"7":{"start":{"line":26,"column":2},"end":{"line":26,"column":39}},"8":{"start":{"line":31,"column":2},"end":{"line":31,"column":31}},"9":{"start":{"line":36,"column":20},"end":{"line":36,"column":49}},"10":{"start":{"line":39,"column":2},"end":{"line":41,"column":3}},"11":{"start":{"line":40,"column":4},"end":{"line":40,"column":21}},"12":{"start":{"line":44,"column":2},"end":{"line":44,"column":62}},"13":{"start":{"line":44,"column":37},"end":{"line":44,"column":60}},"14":{"start":{"line":49,"column":2},"end":{"line":54,"column":5}},"15":{"start":{"line":57,"column":0},"end":{"line":57,"column":45}},"16":{"start":{"line":58,"column":0},"end":{"line":58,"column":45}},"17":{"start":{"line":59,"column":0},"end":{"line":59,"column":43}},"18":{"start":{"line":60,"column":0},"end":{"line":60,"column":53}},"19":{"start":{"line":61,"column":0},"end":{"line":61,"column":51}},"20":{"start":{"line":62,"column":0},"end":{"line":62,"column":47}}},"fnMap":{"0":{"name":"writeFragment","decl":{"start":{"line":8,"column":9},"end":{"line":8,"column":22}},"loc":{"start":{"line":8,"column":33},"end":{"line":13,"column":1}},"line":8},"1":{"name":"readFragment","decl":{"start":{"line":16,"column":15},"end":{"line":16,"column":27}},"loc":{"start":{"line":16,"column":41},"end":{"line":22,"column":1}},"line":16},"2":{"name":"writeFragmentData","decl":{"start":{"line":25,"column":9},"end":{"line":25,"column":26}},"loc":{"start":{"line":25,"column":48},"end":{"line":27,"column":1}},"line":25},"3":{"name":"readFragmentData","decl":{"start":{"line":30,"column":9},"end":{"line":30,"column":25}},"loc":{"start":{"line":30,"column":39},"end":{"line":32,"column":1}},"line":30},"4":{"name":"listFragments","decl":{"start":{"line":35,"column":15},"end":{"line":35,"column":28}},"loc":{"start":{"line":35,"column":54},"end":{"line":45,"column":1}},"line":35},"5":{"name":"(anonymous_5)","decl":{"start":{"line":44,"column":23},"end":{"line":44,"column":24}},"loc":{"start":{"line":44,"column":37},"end":{"line":44,"column":60}},"line":44},"6":{"name":"deleteFragment","decl":{"start":{"line":48,"column":9},"end":{"line":48,"column":23}},"loc":{"start":{"line":48,"column":37},"end":{"line":55,"column":1}},"line":48}},"branchMap":{"0":{"loc":{"start":{"line":21,"column":9},"end":{"line":21,"column":77}},"type":"cond-expr","locations":[{"start":{"line":21,"column":42},"end":{"line":21,"column":64}},{"start":{"line":21,"column":67},"end":{"line":21,"column":77}}],"line":21},"1":{"loc":{"start":{"line":35,"column":38},"end":{"line":35,"column":52}},"type":"default-arg","locations":[{"start":{"line":35,"column":47},"end":{"line":35,"column":52}}],"line":35},"2":{"loc":{"start":{"line":39,"column":2},"end":{"line":41,"column":3}},"type":"if","locations":[{"start":{"line":39,"column":2},"end":{"line":41,"column":3}},{"start":{},"end":{}}],"line":39},"3":{"loc":{"start":{"line":39,"column":6},"end":{"line":39,"column":26}},"type":"binary-expr","locations":[{"start":{"line":39,"column":6},"end":{"line":39,"column":12}},{"start":{"line":39,"column":16},"end":{"line":39,"column":26}}],"line":39}},"s":{"0":5,"1":5,"2":5,"3":15,"4":15,"5":5,"6":5,"7":8,"8":1,"9":4,"10":4,"11":1,"12":3,"13":1,"14":1,"15":5,"16":5,"17":5,"18":5,"19":5,"20":5},"f":{"0":15,"1":5,"2":8,"3":1,"4":4,"5":1,"6":1},"b":{"0":[4,1],"1":[0],"2":[1,3],"3":[4,3]},"_coverageSchema":"1a1c01bbd47fc00a2c39e90264f33305004495a9","hash":"8fc28e86120a72b3ad6c81c284ff2de4168421ac"}
,"C:\\Users\\aksha\\OneDrive\\Desktop\\Seneca\\Assignments\\Sem6\\CCP\\fragments\\src\\model\\data\\memory\\memory-db.js": {"path":"C:\\Users\\aksha\\OneDrive\\Desktop\\Seneca\\Assignments\\Sem6\\CCP\\fragments\\src\\model\\data\\memory\\memory-db.js","statementMap":{"0":{"start":{"line":1,"column":20},"end":{"line":1,"column":52}},"1":{"start":{"line":1,"column":29},"end":{"line":1,"column":52}},"2":{"start":{"line":6,"column":4},"end":{"line":6,"column":17}},"3":{"start":{"line":16,"column":4},"end":{"line":20,"column":5}},"4":{"start":{"line":17,"column":6},"end":{"line":19,"column":8}},"5":{"start":{"line":22,"column":15},"end":{"line":22,"column":22}},"6":{"start":{"line":23,"column":18},"end":{"line":23,"column":64}},"7":{"start":{"line":24,"column":4},"end":{"line":24,"column":34}},"8":{"start":{"line":34,"column":4},"end":{"line":38,"column":5}},"9":{"start":{"line":35,"column":6},"end":{"line":37,"column":8}},"10":{"start":{"line":40,"column":15},"end":{"line":40,"column":22}},"11":{"start":{"line":42,"column":4},"end":{"line":42,"column":42}},"12":{"start":{"line":44,"column":4},"end":{"line":44,"column":41}},"13":{"start":{"line":45,"column":4},"end":{"line":45,"column":29}},"14":{"start":{"line":55,"column":4},"end":{"line":59,"column":5}},"15":{"start":{"line":56,"column":6},"end":{"line":58,"column":8}},"16":{"start":{"line":62,"column":15},"end":{"line":62,"column":22}},"17":{"start":{"line":63,"column":19},"end":{"line":63,"column":70}},"18":{"start":{"line":64,"column":4},"end":{"line":64,"column":35}},"19":{"start":{"line":74,"column":4},"end":{"line":78,"column":5}},"20":{"start":{"line":75,"column":6},"end":{"line":77,"column":8}},"21":{"start":{"line":81,"column":4},"end":{"line":85,"column":5}},"22":{"start":{"line":82,"column":6},"end":{"line":84,"column":8}},"23":{"start":{"line":87,"column":15},"end":{"line":87,"column":22}},"24":{"start":{"line":88,"column":4},"end":{"line":88,"column":40}},"25":{"start":{"line":89,"column":4},"end":{"line":89,"column":29}},"26":{"start":{"line":93,"column":0},"end":{"line":93,"column":26}}},"fnMap":{"0":{"name":"(anonymous_0)","decl":{"start":{"line":1,"column":20},"end":{"line":1,"column":21}},"loc":{"start":{"line":1,"column":29},"end":{"line":1,"column":52}},"line":1},"1":{"name":"(anonymous_1)","decl":{"start":{"line":4,"column":2},"end":{"line":4,"column":3}},"loc":{"start":{"line":4,"column":16},"end":{"line":7,"column":3}},"line":4},"2":{"name":"(anonymous_2)","decl":{"start":{"line":15,"column":2},"end":{"line":15,"column":3}},"loc":{"start":{"line":15,"column":32},"end":{"line":25,"column":3}},"line":15},"3":{"name":"(anonymous_3)","decl":{"start":{"line":33,"column":2},"end":{"line":33,"column":3}},"loc":{"start":{"line":33,"column":39},"end":{"line":46,"column":3}},"line":33},"4":{"name":"(anonymous_4)","decl":{"start":{"line":54,"column":2},"end":{"line":54,"column":3}},"loc":{"start":{"line":54,"column":20},"end":{"line":65,"column":3}},"line":54},"5":{"name":"(anonymous_5)","decl":{"start":{"line":73,"column":2},"end":{"line":73,"column":3}},"loc":{"start":{"line":73,"column":38},"end":{"line":90,"column":3}},"line":73}},"branchMap":{"0":{"loc":{"start":{"line":16,"column":4},"end":{"line":20,"column":5}},"type":"if","locations":[{"start":{"line":16,"column":4},"end":{"line":20,"column":5}},{"start":{},"end":{}}],"line":16},"1":{"loc":{"start":{"line":16,"column":10},"end":{"line":16,"column":62}},"type":"binary-expr","locations":[{"start":{"line":16,"column":10},"end":{"line":16,"column":33}},{"start":{"line":16,"column":37},"end":{"line":16,"column":62}}],"line":16},"2":{"loc":{"start":{"line":23,"column":18},"end":{"line":23,"column":64}},"type":"binary-expr","locations":[{"start":{"line":23,"column":18},"end":{"line":23,"column":32}},{"start":{"line":23,"column":36},"end":{"line":23,"column":64}}],"line":23},"3":{"loc":{"start":{"line":34,"column":4},"end":{"line":38,"column":5}},"type":"if","locations":[{"start":{"line":34,"column":4},"end":{"line":38,"column":5}},{"start":{},"end":{}}],"line":34},"4":{"loc":{"start":{"line":34,"column":10},"end":{"line":34,"column":62}},"type":"binary-expr","locations":[{"start":{"line":34,"column":10},"end":{"line":34,"column":33}},{"start":{"line":34,"column":37},"end":{"line":34,"column":62}}],"line":34},"5":{"loc":{"start":{"line":42,"column":21},"end":{"line":42,"column":41}},"type":"binary-expr","locations":[{"start":{"line":42,"column":21},"end":{"line":42,"column":35}},{"start":{"line":42,"column":39},"end":{"line":42,"column":41}}],"line":42},"6":{"loc":{"start":{"line":55,"column":4},"end":{"line":59,"column":5}},"type":"if","locations":[{"start":{"line":55,"column":4},"end":{"line":59,"column":5}},{"start":{},"end":{}}],"line":55},"7":{"loc":{"start":{"line":63,"column":19},"end":{"line":63,"column":70}},"type":"cond-expr","locations":[{"start":{"line":63,"column":36},"end":{"line":63,"column":65}},{"start":{"line":63,"column":68},"end":{"line":63,"column":70}}],"line":63},"8":{"loc":{"start":{"line":74,"column":4},"end":{"line":78,"column":5}},"type":"if","locations":[{"start":{"line":74,"column":4},"end":{"line":78,"column":5}},{"start":{},"end":{}}],"line":74},"9":{"loc":{"start":{"line":74,"column":10},"end":{"line":74,"column":62}},"type":"binary-expr","locations":[{"start":{"line":74,"column":10},"end":{"line":74,"column":33}},{"start":{"line":74,"column":37},"end":{"line":74,"column":62}}],"line":74},"10":{"loc":{"start":{"line":81,"column":4},"end":{"line":85,"column":5}},"type":"if","locations":[{"start":{"line":81,"column":4},"end":{"line":85,"column":5}},{"start":{},"end":{}}],"line":81}},"s":{"0":6,"1":123,"2":22,"3":18,"4":3,"5":15,"6":15,"7":15,"8":37,"9":3,"10":34,"11":34,"12":34,"13":34,"14":8,"15":2,"16":6,"17":6,"18":6,"19":7,"20":3,"21":4,"22":1,"23":3,"24":3,"25":3,"26":6},"f":{"0":123,"1":22,"2":18,"3":37,"4":8,"5":7},"b":{"0":[3,15],"1":[18,15],"2":[15,14],"3":[3,34],"4":[37,34],"5":[34,17],"6":[2,6],"7":[3,3],"8":[3,4],"9":[7,4],"10":[1,3]},"_coverageSchema":"1a1c01bbd47fc00a2c39e90264f33305004495a9","hash":"9d3a0d823aaaa0a6f54a3fb6da6be62725ef6638"}
,"C:\\Users\\aksha\\OneDrive\\Desktop\\Seneca\\Assignments\\Sem6\\CCP\\fragments\\src\\routes\\index.js": {"path":"C:\\Users\\aksha\\OneDrive\\Desktop\\Seneca\\Assignments\\Sem6\\CCP\\fragments\\src\\routes\\index.js","statementMap":{"0":{"start":{"line":2,"column":16},"end":{"line":2,"column":34}},"1":{"start":{"line":3,"column":15},"end":{"line":3,"column":31}},"2":{"start":{"line":4,"column":34},"end":{"line":4,"column":56}},"3":{"start":{"line":5,"column":12},"end":{"line":5,"column":41}},"4":{"start":{"line":8,"column":15},"end":{"line":8,"column":27}},"5":{"start":{"line":10,"column":4},"end":{"line":10,"column":78}},"6":{"start":{"line":12,"column":2},"end":{"line":12,"column":56}},"7":{"start":{"line":13,"column":2},"end":{"line":13,"column":61}},"8":{"start":{"line":13,"column":38},"end":{"line":13,"column":61}},"9":{"start":{"line":16,"column":2},"end":{"line":18,"column":3}},"10":{"start":{"line":17,"column":4},"end":{"line":17,"column":44}},"11":{"start":{"line":19,"column":2},"end":{"line":19,"column":13}},"12":{"start":{"line":22,"column":18},"end":{"line":22,"column":38}},"13":{"start":{"line":24,"column":0},"end":{"line":37,"column":3}},"14":{"start":{"line":26,"column":2},"end":{"line":26,"column":39}},"15":{"start":{"line":27,"column":2},"end":{"line":27,"column":32}},"16":{"start":{"line":28,"column":2},"end":{"line":28,"column":26}},"17":{"start":{"line":30,"column":2},"end":{"line":36,"column":4}},"18":{"start":{"line":39,"column":0},"end":{"line":39,"column":24}}},"fnMap":{"0":{"name":"deriveGithubUrl","decl":{"start":{"line":7,"column":9},"end":{"line":7,"column":24}},"loc":{"start":{"line":7,"column":28},"end":{"line":20,"column":1}},"line":7},"1":{"name":"(anonymous_1)","decl":{"start":{"line":24,"column":16},"end":{"line":24,"column":17}},"loc":{"start":{"line":24,"column":30},"end":{"line":37,"column":1}},"line":24}},"branchMap":{"0":{"loc":{"start":{"line":10,"column":4},"end":{"line":10,"column":78}},"type":"binary-expr","locations":[{"start":{"line":10,"column":5},"end":{"line":10,"column":9}},{"start":{"line":10,"column":14},"end":{"line":10,"column":56}},{"start":{"line":10,"column":62},"end":{"line":10,"column":72}},{"start":{"line":10,"column":76},"end":{"line":10,"column":78}}],"line":10},"1":{"loc":{"start":{"line":10,"column":14},"end":{"line":10,"column":56}},"type":"cond-expr","locations":[{"start":{"line":10,"column":41},"end":{"line":10,"column":45}},{"start":{"line":10,"column":48},"end":{"line":10,"column":56}}],"line":10},"2":{"loc":{"start":{"line":13,"column":2},"end":{"line":13,"column":61}},"type":"if","locations":[{"start":{"line":13,"column":2},"end":{"line":13,"column":61}},{"start":{},"end":{}}],"line":13},"3":{"loc":{"start":{"line":13,"column":6},"end":{"line":13,"column":36}},"type":"binary-expr","locations":[{"start":{"line":13,"column":6},"end":{"line":13,"column":9}},{"start":{"line":13,"column":13},"end":{"line":13,"column":36}}],"line":13},"4":{"loc":{"start":{"line":16,"column":2},"end":{"line":18,"column":3}},"type":"if","locations":[{"start":{"line":16,"column":2},"end":{"line":18,"column":3}},{"start":{},"end":{}}],"line":16},"5":{"loc":{"start":{"line":16,"column":6},"end":{"line":16,"column":52}},"type":"binary-expr","locations":[{"start":{"line":16,"column":6},"end":{"line":16,"column":10}},{"start":{"line":16,"column":14},"end":{"line":16,"column":52}}],"line":16}},"s":{"0":4,"1":4,"2":4,"3":4,"4":4,"5":4,"6":4,"7":4,"8":0,"9":4,"10":4,"11":4,"12":4,"13":4,"14":4,"15":4,"16":4,"17":4,"18":4},"f":{"0":4,"1":4},"b":{"0":[4,0,4,4],"1":[0,0],"2":[0,4],"3":[4,0],"4":[4,0],"5":[4,0]},"_coverageSchema":"1a1c01bbd47fc00a2c39e90264f33305004495a9","hash":"a4657bd0acb87c05d89d0cfac21aeb82718906ef"}
,"C:\\Users\\aksha\\OneDrive\\Desktop\\Seneca\\Assignments\\Sem6\\CCP\\fragments\\src\\routes\\api\\get-id.js": {"path":"C:\\Users\\aksha\\OneDrive\\Desktop\\Seneca\\Assignments\\Sem6\\CCP\\fragments\\src\\routes\\api\\get-id.js","statementMap":{"0":{"start":{"line":2,"column":21},"end":{"line":2,"column":52}},"1":{"start":{"line":3,"column":32},"end":{"line":3,"column":57}},"2":{"start":{"line":5,"column":0},"end":{"line":23,"column":2}},"3":{"start":{"line":6,"column":18},"end":{"line":6,"column":40}},"4":{"start":{"line":7,"column":17},"end":{"line":7,"column":27}},"5":{"start":{"line":10,"column":2},"end":{"line":14,"column":3}},"6":{"start":{"line":11,"column":4},"end":{"line":11,"column":44}},"7":{"start":{"line":13,"column":4},"end":{"line":13,"column":71}},"8":{"start":{"line":16,"column":15},"end":{"line":16,"column":35}},"9":{"start":{"line":17,"column":2},"end":{"line":19,"column":3}},"10":{"start":{"line":18,"column":4},"end":{"line":18,"column":71}},"11":{"start":{"line":21,"column":2},"end":{"line":21,"column":43}},"12":{"start":{"line":22,"column":2},"end":{"line":22,"column":29}}},"fnMap":{"0":{"name":"(anonymous_0)","decl":{"start":{"line":5,"column":17},"end":{"line":5,"column":18}},"loc":{"start":{"line":5,"column":37},"end":{"line":23,"column":1}},"line":5}},"branchMap":{"0":{"loc":{"start":{"line":6,"column":18},"end":{"line":6,"column":40}},"type":"binary-expr","locations":[{"start":{"line":6,"column":18},"end":{"line":6,"column":28}},{"start":{"line":6,"column":32},"end":{"line":6,"column":40}}],"line":6},"1":{"loc":{"start":{"line":17,"column":2},"end":{"line":19,"column":3}},"type":"if","locations":[{"start":{"line":17,"column":2},"end":{"line":19,"column":3}},{"start":{},"end":{}}],"line":17}},"s":{"0":4,"1":4,"2":4,"3":0,"4":0,"5":0,"6":0,"7":0,"8":0,"9":0,"10":0,"11":0,"12":0},"f":{"0":0},"b":{"0":[0,0],"1":[0,0]},"_coverageSchema":"1a1c01bbd47fc00a2c39e90264f33305004495a9","hash":"9e19182585f9f921171589dfbdeee03381ab76c1"}
,"C:\\Users\\aksha\\OneDrive\\Desktop\\Seneca\\Assignments\\Sem6\\CCP\\fragments\\src\\routes\\api\\get.js": {"path":"C:\\Users\\aksha\\OneDrive\\Desktop\\Seneca\\Assignments\\Sem6\\CCP\\fragments\\src\\routes\\api\\get.js","statementMap":{"0":{"start":{"line":2,"column":34},"end":{"line":2,"column":59}},"1":{"start":{"line":3,"column":21},"end":{"line":3,"column":52}},"2":{"start":{"line":5,"column":0},"end":{"line":13,"column":2}},"3":{"start":{"line":7,"column":18},"end":{"line":7,"column":40}},"4":{"start":{"line":9,"column":17},"end":{"line":9,"column":72}},"5":{"start":{"line":10,"column":17},"end":{"line":10,"column":55}},"6":{"start":{"line":12,"column":2},"end":{"line":12,"column":75}}},"fnMap":{"0":{"name":"(anonymous_0)","decl":{"start":{"line":5,"column":17},"end":{"line":5,"column":18}},"loc":{"start":{"line":5,"column":37},"end":{"line":13,"column":1}},"line":5}},"branchMap":{"0":{"loc":{"start":{"line":7,"column":18},"end":{"line":7,"column":40}},"type":"binary-expr","locations":[{"start":{"line":7,"column":18},"end":{"line":7,"column":28}},{"start":{"line":7,"column":32},"end":{"line":7,"column":40}}],"line":7},"1":{"loc":{"start":{"line":9,"column":17},"end":{"line":9,"column":72}},"type":"binary-expr","locations":[{"start":{"line":9,"column":17},"end":{"line":9,"column":41}},{"start":{"line":9,"column":45},"end":{"line":9,"column":72}}],"line":9},"2":{"loc":{"start":{"line":12,"column":58},"end":{"line":12,"column":70}},"type":"binary-expr","locations":[{"start":{"line":12,"column":58},"end":{"line":12,"column":64}},{"start":{"line":12,"column":68},"end":{"line":12,"column":70}}],"line":12}},"s":{"0":4,"1":4,"2":4,"3":1,"4":1,"5":1,"6":1},"f":{"0":1},"b":{"0":[1,1],"1":[1,1],"2":[1,0]},"_coverageSchema":"1a1c01bbd47fc00a2c39e90264f33305004495a9","hash":"68361e305eba48fc301c19646adb6017ffd14fb6"}
,"C:\\Users\\aksha\\OneDrive\\Desktop\\Seneca\\Assignments\\Sem6\\CCP\\fragments\\src\\routes\\api\\index.js": {"path":"C:\\Users\\aksha\\OneDrive\\Desktop\\Seneca\\Assignments\\Sem6\\CCP\\fragments\\src\\routes\\api\\index.js","statementMap":{"0":{"start":{"line":1,"column":16},"end":{"line":1,"column":34}},"1":{"start":{"line":2,"column":15},"end":{"line":2,"column":31}},"2":{"start":{"line":4,"column":0},"end":{"line":4,"column":43}},"3":{"start":{"line":5,"column":0},"end":{"line":5,"column":45}},"4":{"start":{"line":6,"column":0},"end":{"line":6,"column":50}},"5":{"start":{"line":8,"column":0},"end":{"line":8,"column":24}}},"fnMap":{},"branchMap":{},"s":{"0":4,"1":4,"2":4,"3":4,"4":4,"5":4},"f":{},"b":{},"_coverageSchema":"1a1c01bbd47fc00a2c39e90264f33305004495a9","hash":"9480a245ea97d59d28f8d093885622466044517e"}
,"C:\\Users\\aksha\\OneDrive\\Desktop\\Seneca\\Assignments\\Sem6\\CCP\\fragments\\src\\routes\\api\\post.js": {"path":"C:\\Users\\aksha\\OneDrive\\Desktop\\Seneca\\Assignments\\Sem6\\CCP\\fragments\\src\\routes\\api\\post.js","statementMap":{"0":{"start":{"line":2,"column":16},"end":{"line":2,"column":34}},"1":{"start":{"line":3,"column":20},"end":{"line":3,"column":43}},"2":{"start":{"line":4,"column":21},"end":{"line":4,"column":52}},"3":{"start":{"line":8,"column":4},"end":{"line":8,"column":29}},"4":{"start":{"line":11,"column":16},"end":{"line":23,"column":4}},"5":{"start":{"line":12,"column":2},"end":{"line":23,"column":4}},"6":{"start":{"line":16,"column":6},"end":{"line":21,"column":7}},"7":{"start":{"line":17,"column":25},"end":{"line":17,"column":47}},"8":{"start":{"line":18,"column":8},"end":{"line":18,"column":46}},"9":{"start":{"line":20,"column":8},"end":{"line":20,"column":21}},"10":{"start":{"line":25,"column":0},"end":{"line":73,"column":2}},"11":{"start":{"line":28,"column":4},"end":{"line":32,"column":5}},"12":{"start":{"line":29,"column":6},"end":{"line":31,"column":68}},"13":{"start":{"line":34,"column":21},"end":{"line":34,"column":43}},"14":{"start":{"line":35,"column":4},"end":{"line":37,"column":5}},"15":{"start":{"line":36,"column":6},"end":{"line":36,"column":80}},"16":{"start":{"line":39,"column":4},"end":{"line":71,"column":5}},"17":{"start":{"line":40,"column":22},"end":{"line":40,"column":44}},"18":{"start":{"line":41,"column":19},"end":{"line":41,"column":50}},"19":{"start":{"line":42,"column":6},"end":{"line":42,"column":35}},"20":{"start":{"line":45,"column":19},"end":{"line":45,"column":35}},"21":{"start":{"line":47,"column":8},"end":{"line":48,"column":59}},"22":{"start":{"line":50,"column":23},"end":{"line":50,"column":75}},"23":{"start":{"line":52,"column":6},"end":{"line":52,"column":42}},"24":{"start":{"line":53,"column":6},"end":{"line":66,"column":8}},"25":{"start":{"line":68,"column":6},"end":{"line":70,"column":69}}},"fnMap":{"0":{"name":"(anonymous_0)","decl":{"start":{"line":11,"column":16},"end":{"line":11,"column":17}},"loc":{"start":{"line":12,"column":2},"end":{"line":23,"column":4}},"line":12},"1":{"name":"(anonymous_1)","decl":{"start":{"line":15,"column":10},"end":{"line":15,"column":11}},"loc":{"start":{"line":15,"column":19},"end":{"line":22,"column":5}},"line":15},"2":{"name":"(anonymous_2)","decl":{"start":{"line":27,"column":2},"end":{"line":27,"column":3}},"loc":{"start":{"line":27,"column":22},"end":{"line":72,"column":3}},"line":27}},"branchMap":{"0":{"loc":{"start":{"line":28,"column":4},"end":{"line":32,"column":5}},"type":"if","locations":[{"start":{"line":28,"column":4},"end":{"line":32,"column":5}},{"start":{},"end":{}}],"line":28},"1":{"loc":{"start":{"line":35,"column":4},"end":{"line":37,"column":5}},"type":"if","locations":[{"start":{"line":35,"column":4},"end":{"line":37,"column":5}},{"start":{},"end":{}}],"line":35},"2":{"loc":{"start":{"line":40,"column":22},"end":{"line":40,"column":44}},"type":"binary-expr","locations":[{"start":{"line":40,"column":22},"end":{"line":40,"column":32}},{"start":{"line":40,"column":36},"end":{"line":40,"column":44}}],"line":40},"3":{"loc":{"start":{"line":47,"column":8},"end":{"line":48,"column":59}},"type":"binary-expr","locations":[{"start":{"line":47,"column":8},"end":{"line":47,"column":27}},{"start":{"line":48,"column":9},"end":{"line":48,"column":58}}],"line":47},"4":{"loc":{"start":{"line":48,"column":9},"end":{"line":48,"column":58}},"type":"cond-expr","locations":[{"start":{"line":48,"column":16},"end":{"line":48,"column":32}},{"start":{"line":48,"column":35},"end":{"line":48,"column":58}}],"line":48},"5":{"loc":{"start":{"line":70,"column":39},"end":{"line":70,"column":66}},"type":"binary-expr","locations":[{"start":{"line":70,"column":39},"end":{"line":70,"column":48}},{"start":{"line":70,"column":52},"end":{"line":70,"column":66}}],"line":70}},"s":{"0":4,"1":4,"2":4,"3":4,"4":4,"5":4,"6":2,"7":2,"8":2,"9":0,"10":4,"11":2,"12":1,"13":1,"14":1,"15":0,"16":1,"17":1,"18":1,"19":1,"20":1,"21":1,"22":1,"23":1,"24":1,"25":0},"f":{"0":4,"1":2,"2":2},"b":{"0":[1,1],"1":[0,1],"2":[1,1],"3":[1,1],"4":[1,0],"5":[0,0]},"_coverageSchema":"1a1c01bbd47fc00a2c39e90264f33305004495a9","hash":"cbfdb127b7cefec9be001d01b3569c72c9ee3299"}
}
