TN:
SF:src\app.js
FN:27,(anonymous_0)
FN:31,(anonymous_1)
FNF:2
FNH:1
FNDA:1,(anonymous_0)
FNDA:0,(anonymous_1)
DA:2,4
DA:3,4
DA:4,4
DA:5,4
DA:6,4
DA:8,4
DA:9,4
DA:11,4
DA:13,4
DA:14,4
DA:15,4
DA:17,4
DA:18,4
DA:21,4
DA:24,4
DA:26,4
DA:27,4
DA:28,1
DA:31,4
DA:32,0
DA:39,4
LF:21
LH:20
BRDA:33,0,0,0
BRDA:33,0,1,0
BRDA:35,1,0,0
BRDA:35,1,1,0
BRDA:35,2,0,0
BRDA:35,2,1,0
BRF:6
BRH:0
end_of_record
TN:
SF:src\hash.js
FN:22,(anonymous_0)
FNF:1
FNH:1
FNDA:6,(anonymous_0)
DA:16,5
DA:22,5
DA:23,6
LF:3
LH:3
BRF:0
BRH:0
end_of_record
TN:
SF:src\index.js
FN:12,(anonymous_0)
FN:16,(anonymous_1)
FN:17,(anonymous_2)
FNF:3
FNH:0
FNDA:0,(anonymous_0)
FNDA:0,(anonymous_1)
FNDA:0,(anonymous_2)
DA:2,1
DA:3,1
DA:4,1
DA:5,1
DA:7,1
DA:10,1
DA:11,0
DA:12,0
DA:13,0
DA:16,0
DA:17,0
DA:21,1
LF:12
LH:7
BRDA:7,0,0,1
BRDA:7,0,1,0
BRDA:10,1,0,0
BRDA:10,1,1,1
BRDA:10,2,0,1
BRDA:10,2,1,0
BRF:6
BRH:3
end_of_record
TN:
SF:src\logger.js
FNF:0
FNH:0
DA:4,4
DA:7,4
DA:9,0
DA:19,4
LF:4
LH:3
BRDA:4,0,0,4
BRDA:4,0,1,0
BRDA:7,1,0,0
BRDA:7,1,1,4
BRF:4
BRH:2
end_of_record
TN:
SF:src\response.js
FN:11,(anonymous_0)
FN:30,(anonymous_1)
FN:40,(anonymous_2)
FNF:3
FNH:2
FNDA:0,(anonymous_0)
FNDA:5,(anonymous_1)
FNDA:8,(anonymous_2)
DA:11,5
DA:12,0
DA:30,5
DA:31,5
DA:40,5
DA:41,8
LF:6
LH:5
BRDA:15,0,0,0
BRDA:15,0,1,0
BRF:2
BRH:0
end_of_record
TN:
SF:src\auth\auth-middleware.js
FN:11,(anonymous_0)
FN:12,(anonymous_1)
FN:19,callback
FNF:3
FNH:3
FNDA:4,(anonymous_0)
FNDA:5,(anonymous_1)
FNDA:5,callback
DA:1,4
DA:3,4
DA:4,4
DA:5,4
DA:11,4
DA:12,4
DA:21,5
DA:22,0
DA:23,0
DA:27,5
DA:28,2
DA:32,3
DA:33,3
DA:36,3
DA:41,5
LF:15
LH:13
BRDA:21,0,0,0
BRDA:21,0,1,5
BRDA:27,1,0,2
BRDA:27,1,1,3
BRF:4
BRH:3
end_of_record
TN:
SF:src\auth\basic-auth.js
FN:9,loadHtpasswd
FN:25,verifyHtpasswd
FN:50,getUsers
FN:64,(anonymous_3)
FN:65,(anonymous_4)
FN:78,(anonymous_5)
FNF:6
FNH:6
FNDA:2,loadHtpasswd
FNDA:3,verifyHtpasswd
FNDA:4,getUsers
FNDA:4,(anonymous_3)
FNDA:4,(anonymous_4)
FNDA:4,(anonymous_5)
DA:2,4
DA:3,4
DA:4,4
DA:5,4
DA:6,4
DA:10,2
DA:11,2
DA:12,2
DA:13,6
DA:14,6
DA:15,4
DA:16,4
DA:17,4
DA:18,4
DA:19,4
DA:21,2
DA:26,3
DA:28,3
DA:29,3
DA:30,3
DA:32,0
DA:36,0
DA:37,0
DA:38,0
DA:39,0
DA:43,0
DA:46,0
DA:49,4
DA:51,4
DA:53,2
DA:54,2
DA:56,2
DA:57,2
DA:58,0
DA:60,2
DA:61,2
DA:64,4
DA:65,4
DA:66,4
DA:67,4
DA:68,4
DA:69,4
DA:70,3
DA:71,3
DA:73,0
DA:78,4
LF:46
LH:37
BRDA:14,0,0,2
BRDA:14,0,1,4
BRDA:14,1,0,6
BRDA:14,1,1,4
BRDA:16,2,0,0
BRDA:16,2,1,4
BRDA:26,3,0,0
BRDA:26,3,1,3
BRDA:28,4,0,3
BRDA:28,4,1,0
BRDA:36,5,0,0
BRDA:36,5,1,0
BRDA:51,6,0,2
BRDA:51,6,1,2
BRDA:54,7,0,0
BRDA:54,7,1,2
BRDA:57,8,0,0
BRDA:57,8,1,2
BRDA:69,9,0,1
BRDA:69,9,1,3
BRDA:70,10,0,0
BRDA:70,10,1,3
BRF:22
BRH:14
end_of_record
TN:
SF:src\auth\index.js
FNF:0
FNH:0
DA:4,4
DA:6,4
DA:8,0
DA:10,4
LF:4
LH:3
BRDA:4,0,0,4
BRDA:4,0,1,0
BRDA:6,1,0,0
BRDA:6,1,1,4
BRF:4
BRH:2
end_of_record
TN:
SF:src\model\fragment.js
FN:18,(anonymous_0)
FN:44,(anonymous_1)
FN:51,(anonymous_2)
FN:68,(anonymous_3)
FN:82,(anonymous_4)
FN:90,(anonymous_5)
FN:101,(anonymous_6)
FN:110,(anonymous_7)
FN:131,(anonymous_8)
FN:140,(anonymous_9)
FN:148,(anonymous_10)
FN:158,(anonymous_11)
FNF:12
FNH:12
FNDA:33,(anonymous_0)
FNDA:4,(anonymous_1)
FNDA:1,(anonymous_2)
FNDA:5,(anonymous_3)
FNDA:1,(anonymous_4)
FNDA:7,(anonymous_5)
FNDA:1,(anonymous_6)
FNDA:9,(anonymous_7)
FNDA:5,(anonymous_8)
FNDA:1,(anonymous_9)
FNDA:1,(anonymous_10)
FNDA:38,(anonymous_11)
DA:3,5
DA:5,5
DA:15,5
DA:20,33
DA:21,31
DA:24,30
DA:25,29
DA:28,28
DA:30,27
DA:31,27
DA:32,27
DA:33,27
DA:34,27
DA:35,27
DA:45,4
DA:49,4
DA:51,1
DA:53,1
DA:54,1
DA:59,3
DA:69,5
DA:70,5
DA:72,4
DA:73,4
DA:83,1
DA:92,7
DA:94,7
DA:102,1
DA:112,9
DA:113,1
DA:116,8
DA:119,8
DA:120,8
DA:123,8
DA:132,5
DA:133,5
DA:141,1
DA:150,1
DA:159,38
DA:160,38
DA:161,38
DA:163,38
DA:165,0
DA:170,5
LF:44
LH:43
BRDA:18,0,0,3
BRDA:20,1,0,2
BRDA:20,1,1,31
BRDA:21,2,0,1
BRDA:21,2,1,30
BRDA:24,3,0,1
BRDA:24,3,1,29
BRDA:25,4,0,1
BRDA:25,4,1,28
BRDA:28,5,0,1
BRDA:28,5,1,27
BRDA:30,6,0,27
BRDA:30,6,1,21
BRDA:33,7,0,27
BRDA:33,7,1,18
BRDA:34,8,0,27
BRDA:34,8,1,22
BRDA:35,9,0,27
BRDA:35,9,1,22
BRDA:44,10,0,2
BRDA:49,11,0,1
BRDA:49,11,1,3
BRDA:53,12,0,1
BRDA:53,12,1,0
BRDA:59,13,0,3
BRDA:59,13,1,0
BRDA:70,14,0,1
BRDA:70,14,1,4
BRDA:72,15,0,0
BRDA:72,15,1,4
BRDA:112,16,0,1
BRDA:112,16,1,8
BRDA:112,17,0,9
BRDA:112,17,1,8
BRDA:141,18,0,1
BRDA:141,18,1,1
BRDA:159,19,0,0
BRDA:159,19,1,38
BRDA:159,20,0,38
BRDA:159,20,1,38
BRF:40
BRH:36
end_of_record
TN:
SF:src\model\data\index.js
FNF:0
FNH:0
DA:6,5
LF:1
LH:1
BRDA:6,0,0,0
BRDA:6,0,1,5
BRF:2
BRH:1
end_of_record
TN:
SF:src\model\data\memory\index.js
FN:8,writeFragment
FN:16,readFragment
FN:25,writeFragmentData
FN:30,readFragmentData
FN:35,listFragments
FN:44,(anonymous_5)
FN:48,deleteFragment
FNF:7
FNH:7
FNDA:15,writeFragment
FNDA:5,readFragment
FNDA:8,writeFragmentData
FNDA:1,readFragmentData
FNDA:4,listFragments
FNDA:1,(anonymous_5)
FNDA:1,deleteFragment
DA:1,5
DA:4,5
DA:5,5
DA:11,15
DA:12,15
DA:20,5
DA:21,5
DA:26,8
DA:31,1
DA:36,4
DA:39,4
DA:40,1
DA:44,3
DA:49,1
DA:57,5
DA:58,5
DA:59,5
DA:60,5
DA:61,5
DA:62,5
LF:20
LH:20
BRDA:21,0,0,4
BRDA:21,0,1,1
BRDA:35,1,0,0
BRDA:39,2,0,1
BRDA:39,2,1,3
BRDA:39,3,0,4
BRDA:39,3,1,3
BRF:7
BRH:6
end_of_record
TN:
SF:src\model\data\memory\memory-db.js
FN:1,(anonymous_0)
FN:4,(anonymous_1)
FN:15,(anonymous_2)
FN:33,(anonymous_3)
FN:54,(anonymous_4)
FN:73,(anonymous_5)
FNF:6
FNH:6
FNDA:123,(anonymous_0)
FNDA:22,(anonymous_1)
FNDA:18,(anonymous_2)
FNDA:37,(anonymous_3)
FNDA:8,(anonymous_4)
FNDA:7,(anonymous_5)
DA:1,123
DA:6,22
DA:16,18
DA:17,3
DA:22,15
DA:23,15
DA:24,15
DA:34,37
DA:35,3
DA:40,34
DA:42,34
DA:44,34
DA:45,34
DA:55,8
DA:56,2
DA:62,6
DA:63,6
DA:64,6
DA:74,7
DA:75,3
DA:81,4
DA:82,1
DA:87,3
DA:88,3
DA:89,3
DA:93,6
LF:26
LH:26
BRDA:16,0,0,3
BRDA:16,0,1,15
BRDA:16,1,0,18
BRDA:16,1,1,15
BRDA:23,2,0,15
BRDA:23,2,1,14
BRDA:34,3,0,3
BRDA:34,3,1,34
BRDA:34,4,0,37
BRDA:34,4,1,34
BRDA:42,5,0,34
BRDA:42,5,1,17
BRDA:55,6,0,2
BRDA:55,6,1,6
BRDA:63,7,0,3
BRDA:63,7,1,3
BRDA:74,8,0,3
BRDA:74,8,1,4
BRDA:74,9,0,7
BRDA:74,9,1,4
BRDA:81,10,0,1
BRDA:81,10,1,3
BRF:22
BRH:22
end_of_record
TN:
SF:src\routes\index.js
FN:7,deriveGithubUrl
FN:24,(anonymous_1)
FNF:2
FNH:2
FNDA:4,deriveGithubUrl
FNDA:4,(anonymous_1)
DA:2,4
DA:3,4
DA:4,4
DA:5,4
DA:8,4
DA:10,4
DA:12,4
DA:13,4
DA:16,4
DA:17,4
DA:19,4
DA:22,4
DA:24,4
DA:26,4
DA:27,4
DA:28,4
DA:30,4
DA:39,4
LF:18
LH:18
BRDA:10,0,0,4
BRDA:10,0,1,0
BRDA:10,0,2,4
BRDA:10,0,3,4
BRDA:10,1,0,0
BRDA:10,1,1,0
BRDA:13,2,0,0
BRDA:13,2,1,4
BRDA:13,3,0,4
BRDA:13,3,1,0
BRDA:16,4,0,4
BRDA:16,4,1,0
BRDA:16,5,0,4
BRDA:16,5,1,0
BRF:14
BRH:7
end_of_record
TN:
SF:src\routes\api\get-id.js
FN:5,(anonymous_0)
FNF:1
FNH:0
FNDA:0,(anonymous_0)
DA:2,4
DA:3,4
DA:5,4
DA:6,0
DA:7,0
DA:10,0
DA:11,0
DA:13,0
DA:16,0
DA:17,0
DA:18,0
DA:21,0
DA:22,0
LF:13
LH:3
BRDA:6,0,0,0
BRDA:6,0,1,0
BRDA:17,1,0,0
BRDA:17,1,1,0
BRF:4
BRH:0
end_of_record
TN:
SF:src\routes\api\get.js
FN:5,(anonymous_0)
FNF:1
FNH:1
FNDA:1,(anonymous_0)
DA:2,4
DA:3,4
DA:5,4
DA:7,1
DA:9,1
DA:10,1
DA:12,1
LF:7
LH:7
BRDA:7,0,0,1
BRDA:7,0,1,1
BRDA:9,1,0,1
BRDA:9,1,1,1
BRDA:12,2,0,1
BRDA:12,2,1,0
BRF:6
BRH:5
end_of_record
TN:
SF:src\routes\api\index.js
FNF:0
FNH:0
DA:1,4
DA:2,4
DA:4,4
DA:5,4
DA:6,4
DA:8,4
LF:6
LH:6
BRF:0
BRH:0
end_of_record
TN:
SF:src\routes\api\post.js
FN:11,(anonymous_0)
FN:15,(anonymous_1)
FN:27,(anonymous_2)
FNF:3
FNH:3
FNDA:4,(anonymous_0)
FNDA:2,(anonymous_1)
FNDA:2,(anonymous_2)
DA:2,4
DA:3,4
DA:4,4
DA:8,4
DA:11,4
DA:12,4
DA:16,2
DA:17,2
DA:18,2
DA:20,0
DA:25,4
DA:28,2
DA:29,1
DA:34,1
DA:35,1
DA:36,0
DA:39,1
DA:40,1
DA:41,1
DA:42,1
DA:45,1
DA:47,1
DA:50,1
DA:52,1
DA:53,1
DA:68,0
LF:26
LH:23
BRDA:28,0,0,1
BRDA:28,0,1,1
BRDA:35,1,0,0
BRDA:35,1,1,1
BRDA:40,2,0,1
BRDA:40,2,1,1
BRDA:47,3,0,1
BRDA:47,3,1,1
BRDA:48,4,0,1
BRDA:48,4,1,0
BRDA:70,5,0,0
BRDA:70,5,1,0
BRF:12
BRH:8
end_of_record
